<?xml version="1.0" encoding="UTF-8"?>
<!-- Generated by org.testng.reporters.JUnitReportReporter -->
<testsuite hostname="DESKTOP-VRKBUCK" failures="0" tests="2" name="Daszio.AmazonPurchase.ErrorValidation" time="18.705" errors="0" timestamp="2024-09-06T21:12:38 IST" skipped="0">
  <testcase classname="Daszio.AmazonPurchase.ErrorValidation" name="wrongPhoneNo" time="9.194"/>
  <testcase classname="Daszio.AmazonPurchase.ErrorValidation" name="wrongPassword" time="9.511"/>
</testsuite> <!-- Daszio.AmazonPurchase.ErrorValidation -->
