<?xml version="1.0" encoding="UTF-8"?>
<!-- Generated by org.testng.reporters.JUnitReportReporter -->
<testsuite hostname="DESKTOP-VRKBUCK" failures="0" tests="1" name="Daszio.AmazonPurchase.ExcelData" time="11.039" errors="0" timestamp="2024-09-03T12:32:56 IST" skipped="0">
  <testcase classname="Daszio.AmazonPurchase.ExcelData" name="execute" time="11.039"/>
</testsuite> <!-- Daszio.AmazonPurchase.ExcelData -->
