<?xml version="1.0" encoding="UTF-8"?>
<!-- Generated by org.testng.reporters.JUnitReportReporter -->
<testsuite hostname="DESKTOP-VRKBUCK" failures="0" tests="6" name="Daszio.AmazonPurchase.AppTest" time="290.141" errors="0" timestamp="2024-09-06T21:12:38 IST" skipped="1">
  <testcase classname="Daszio.AmazonPurchase.AppTest" name="storeDataInExcel" time="40.455"/>
  <testcase classname="Daszio.AmazonPurchase.AppTest" name="deleteItems" time="63.403"/>
  <testcase classname="Daszio.AmazonPurchase.AppTest" name="storeDataInExcel" time="29.265"/>
  <testcase classname="Daszio.AmazonPurchase.AppTest" name="storeDataInExcel" time="80.637">
    <skipped/>
  </testcase> <!-- storeDataInExcel -->
  <testcase classname="Daszio.AmazonPurchase.AppTest" name="addCart" time="26.628"/>
  <testcase classname="Daszio.AmazonPurchase.AppTest" name="addCart" time="49.753"/>
</testsuite> <!-- Daszio.AmazonPurchase.AppTest -->
