<?xml version="1.0" encoding="UTF-8"?>
<!-- Generated by org.testng.reporters.JUnitReportReporter -->
<testsuite hostname="DESKTOP-VRKBUCK" failures="0" tests="1" name="Daszio.AmazonPurchase.Practice" time="26.884" errors="0" timestamp="2024-08-23T15:11:46 IST" skipped="0">
  <testcase classname="Daszio.AmazonPurchase.Practice" name="addCart" time="26.884"/>
</testsuite> <!-- Daszio.AmazonPurchase.Practice -->
