<?xml version="1.0" encoding="UTF-8"?>
<!-- Generated by org.testng.reporters.JUnitReportReporter -->
<testsuite hostname="DESKTOP-VRKBUCK" failures="0" tests="2" name="Daszio.AmazonPurchase.AppTest" time="106.847" errors="0" timestamp="2024-08-30T18:37:57 IST" skipped="0">
  <testcase classname="Daszio.AmazonPurchase.AppTest" name="addCart" time="85.204"/>
  <testcase classname="Daszio.AmazonPurchase.AppTest" name="addCart" time="21.643"/>
</testsuite> <!-- Daszio.AmazonPurchase.AppTest -->
